0 info it worked if it ends with ok
1 verbose cli [ 'C:\\Program Files\\nodejs\\node.exe',
1 verbose cli   'C:\\Users\\Milka\\AppData\\Roaming\\npm\\node_modules\\npm\\bin\\npm-cli.js',
1 verbose cli   'run',
1 verbose cli   'dev' ]
2 info using npm@5.6.0
3 info using node@v8.9.1
4 verbose run-script [ 'predev', 'dev', 'postdev' ]
5 info lifecycle api-react@1.0.0~predev: api-react@1.0.0
6 info lifecycle api-react@1.0.0~dev: api-react@1.0.0
7 verbose lifecycle api-react@1.0.0~dev: unsafe-perm in lifecycle true
8 verbose lifecycle api-react@1.0.0~dev: PATH: C:\Users\Milka\AppData\Roaming\npm\node_modules\npm\node_modules\npm-lifecycle\node-gyp-bin;C:\Users\Milka\desktop\api-react\node_modules\.bin;C:\Users\Milka\bin;C:\Program Files\Git\mingw64\bin;C:\Program Files\Git\usr\local\bin;C:\Program Files\Git\usr\bin;C:\Program Files\Git\usr\bin;C:\Program Files\Git\mingw64\bin;C:\Program Files\Git\usr\bin;C:\Users\Milka\bin;C:\ProgramData\Oracle\Java\javapath;C:\Program Files (x86)\iis express\PHP\v5.4;C:\Windows\system32;C:\Windows;C:\Windows\System32\Wbem;C:\Windows\System32\WindowsPowerShell\v1.0;C:\Program Files (x86)\Microsoft SQL Server\100\Tools\Binn;C:\Program Files\Microsoft SQL Server\100\Tools\Binn;C:\Program Files\Microsoft SQL Server\100\DTS\Binn;C:\Program Files (x86)\Microsoft SQL Server\100\DTS\Bin;C:\Program Files (x86)\Microsoft ASP.NET\ASP.NET Web Pages\v1.0;C:\Program Files\Microsoft SQL Server\110\Tools\Binn;C:\Program Files (x86)\Microsoft SQL Server\100\Tools\Binn\VSShell\Common7\IDE;C:\Program Files\Microsoft SQL Server\120\Tools\Binn;C:\Program Files\Microsoft SQL Server\130\Tools\Binn;C:\Program Files\Git\cmd;%JAVA_PATH\Bin%;C:\apache-maven-3.5.2\bin;C:\Program Files (x86)\Java\jdk1.8.0_151;C:\Program Files\nodejs;C:\Program Files\Git\;C:\Program Files (x86)\Microsoft SQL Server\110\Tools\Binn\ManagementStudio;C:\Program Files (x86)\Microsoft SQL Server\110\Tools\Bin;C:\Program Files (x86)\Microsoft Visual Studio 11.0\Common7\IDE\PrivateAssemblies;C:\mingw-w64\mingw-64\bin;C:\Program Files (x86)\Microsoft SQL Server\110\DTS\Binn;C:\Program Files\MySQL\MySQL Utilities 1.6;C:\Program Files\MySQL\MySQL Server 5.7\bin;C:\mingw-w32\mingw32\bin;C:\go\bin;C:\Python34;C:\ProgramData\Oracle\Java\javapath;C:\Program Files (x86)\iis express\PHP\v5.4;C:\Windows\system32;C:\Windows;C:\Windows\System32\Wbem;C:\Windows\System32\WindowsPowerShell\v1.0;C:\Program Files (x86)\Microsoft SQL Server\100\Tools\Binn;C:\Program Files\Microsoft SQL Server\100\Tools\Binn;C:\Program Files\Microsoft SQL Server\100\DTS\Binn;C:\Program Files (x86)\Microsoft SQL Server\100\DTS\Binn;C:\Program Files (x86)\Microsoft ASP.NET\ASP.NET Web Pages\v1.0;C:\Program Files\Microsoft SQL Server\110\Tools\Binn;C:\Program Files (x86)\Microsoft SQL Server\100\Tools\Binn\VSShell\Common7\IDE;C:\Program Files\Microsoft SQL Server\120\Tools\Binn;C:\Program Files\Microsoft SQL Server\130\Tools\Binn;C:\MinGW\bin;C:\Program Files\Git\cmd;%JAVA_PATH\Bin%;C:\apache-maven-3.5.2\bin;C:\Program Files (x86)\Java\jdk1.8.0_151;C:\Program Files\nodejs;C:\Program Files\Git\;C:\Program Files (x86)\Microsoft SQL Server\110\Tools\Binn\ManagementStudio;C:\Program Files (x86)\Microsoft SQL Server\110\Tools\Binn;C:\Program Files (x86);C:\sqlite3;C:\mingw-w32\mingw32\bin;C:\Program Files\Microsoft VS Code\bin;C:\Python34\Scripts;C:\Python34;C:\Program Files\Git\usr\bin\vendor_perl;C:\Program Files\Git\usr\bin\core_perl
9 verbose lifecycle api-react@1.0.0~dev: CWD: C:\Users\Milka\desktop\api-react
10 silly lifecycle api-react@1.0.0~dev: Args: [ '/d /s /c',
10 silly lifecycle   'webpack --mode development ./project/frontend/src/index.js --output ./project/frontend/static/frontend/main.js' ]
11 silly lifecycle api-react@1.0.0~dev: Returned: code: 2  signal: null
12 info lifecycle api-react@1.0.0~dev: Failed to exec dev script
13 verbose stack Error: api-react@1.0.0 dev: `webpack --mode development ./project/frontend/src/index.js --output ./project/frontend/static/frontend/main.js`
13 verbose stack Exit status 2
13 verbose stack     at EventEmitter.<anonymous> (C:\Users\Milka\AppData\Roaming\npm\node_modules\npm\node_modules\npm-lifecycle\index.js:285:16)
13 verbose stack     at emitTwo (events.js:126:13)
13 verbose stack     at EventEmitter.emit (events.js:214:7)
13 verbose stack     at ChildProcess.<anonymous> (C:\Users\Milka\AppData\Roaming\npm\node_modules\npm\node_modules\npm-lifecycle\lib\spawn.js:55:14)
13 verbose stack     at emitTwo (events.js:126:13)
13 verbose stack     at ChildProcess.emit (events.js:214:7)
13 verbose stack     at maybeClose (internal/child_process.js:925:16)
13 verbose stack     at Process.ChildProcess._handle.onexit (internal/child_process.js:209:5)
14 verbose pkgid api-react@1.0.0
15 verbose cwd C:\Users\Milka\desktop\api-react
16 verbose Windows_NT 6.1.7601
17 verbose argv "C:\\Program Files\\nodejs\\node.exe" "C:\\Users\\Milka\\AppData\\Roaming\\npm\\node_modules\\npm\\bin\\npm-cli.js" "run" "dev"
18 verbose node v8.9.1
19 verbose npm  v5.6.0
20 error code ELIFECYCLE
21 error errno 2
22 error api-react@1.0.0 dev: `webpack --mode development ./project/frontend/src/index.js --output ./project/frontend/static/frontend/main.js`
22 error Exit status 2
23 error Failed at the api-react@1.0.0 dev script.
23 error This is probably not a problem with npm. There is likely additional logging output above.
24 verbose exit [ 2, true ]
